{"/home/jorg/projects/hsl/jore4-hasura/integration-test/config.ts": {"path":"/home/jorg/projects/hsl/jore4-hasura/integration-test/config.ts","statementMap":{"0":{"start":{"line":1,"column":0},"end":{"line":1,"column":33}},"1":{"start":{"line":3,"column":0},"end":{"line":3,"column":62}},"2":{"start":{"line":5,"column":13},"end":{"line":11,"column":2}},"3":{"start":{"line":13,"column":13},"end":{"line":13,"column":63}},"4":{"start":{"line":15,"column":13},"end":{"line":22,"column":2}}},"fnMap":{},"branchMap":{"0":{"loc":{"start":{"line":3,"column":22},"end":{"line":3,"column":45}},"type":"binary-expr","locations":[{"start":{"line":3,"column":22},"end":{"line":3,"column":45}},{"start":{"line":3,"column":49},"end":{"line":3,"column":58}}]},"1":{"loc":{"start":{"line":8,"column":12},"end":{"line":8,"column":35}},"type":"binary-expr","locations":[{"start":{"line":8,"column":12},"end":{"line":8,"column":35}},{"start":{"line":8,"column":39},"end":{"line":8,"column":49}}]},"2":{"loc":{"start":{"line":9,"column":8},"end":{"line":9,"column":33}},"type":"binary-expr","locations":[{"start":{"line":9,"column":8},"end":{"line":9,"column":33}},{"start":{"line":9,"column":37},"end":{"line":9,"column":46}}]},"3":{"loc":{"start":{"line":10,"column":12},"end":{"line":10,"column":41}},"type":"binary-expr","locations":[{"start":{"line":10,"column":12},"end":{"line":10,"column":41}},{"start":{"line":10,"column":45},"end":{"line":10,"column":60}}]},"4":{"loc":{"start":{"line":19,"column":6},"end":{"line":19,"column":45}},"type":"binary-expr","locations":[{"start":{"line":19,"column":6},"end":{"line":19,"column":45}},{"start":{"line":19,"column":49},"end":{"line":19,"column":57}}]}},"s":{"0":1,"1":1,"2":1,"3":1,"4":1},"f":{},"b":{"0":[1,1],"1":[1,1],"2":[1,1],"3":[1,1],"4":[1,1]}}
,"/home/jorg/projects/hsl/jore4-hasura/integration-test/datasets/factories.ts": {"path":"/home/jorg/projects/hsl/jore4-hasura/integration-test/datasets/factories.ts","statementMap":{"0":{"start":{"line":1,"column":0},"end":{"line":1,"column":75}},"1":{"start":{"line":3,"column":36},"end":{"line":3,"column":71}},"2":{"start":{"line":3,"column":70},"end":{"line":6,"column":3}},"3":{"start":{"line":3,"column":13},"end":{"line":3,"column":36}},"4":{"start":{"line":8,"column":31},"end":{"line":17,"column":1}},"5":{"start":{"line":9,"column":2},"end":{"line":16,"column":null}},"6":{"start":{"line":11,"column":6},"end":{"line":11,"column":40}},"7":{"start":{"line":13,"column":6},"end":{"line":13,"column":43}},"8":{"start":{"line":15,"column":6},"end":{"line":15,"column":43}},"9":{"start":{"line":8,"column":13},"end":{"line":8,"column":31}},"10":{"start":{"line":19,"column":25},"end":{"line":19,"column":71}},"11":{"start":{"line":19,"column":70},"end":{"line":25,"column":3}},"12":{"start":{"line":19,"column":13},"end":{"line":19,"column":25}},"13":{"start":{"line":27,"column":26},"end":{"line":27,"column":48}},"14":{"start":{"line":27,"column":47},"end":{"line":37,"column":3}},"15":{"start":{"line":27,"column":13},"end":{"line":27,"column":26}}},"fnMap":{"0":{"name":"(anonymous_0)","decl":{"start":{"line":3,"column":36},"end":{"line":3,"column":37}},"loc":{"start":{"line":3,"column":48},"end":{"line":3,"column":71}}},"1":{"name":"(anonymous_1)","decl":{"start":{"line":8,"column":31},"end":{"line":8,"column":32}},"loc":{"start":{"line":8,"column":56},"end":{"line":17,"column":1}}},"2":{"name":"(anonymous_2)","decl":{"start":{"line":19,"column":25},"end":{"line":19,"column":26}},"loc":{"start":{"line":19,"column":65},"end":{"line":19,"column":71}}},"3":{"name":"(anonymous_3)","decl":{"start":{"line":27,"column":26},"end":{"line":27,"column":27}},"loc":{"start":{"line":27,"column":42},"end":{"line":27,"column":48}}}},"branchMap":{"0":{"loc":{"start":{"line":10,"column":4},"end":{"line":11,"column":40}},"type":"switch","locations":[{"start":{"line":10,"column":4},"end":{"line":11,"column":40}},{"start":{"line":12,"column":4},"end":{"line":13,"column":43}},{"start":{"line":14,"column":4},"end":{"line":15,"column":43}}]}},"s":{"0":1,"1":1,"2":61,"3":1,"4":1,"5":6,"6":3,"7":3,"8":0,"9":1,"10":1,"11":6,"12":1,"13":1,"14":8,"15":1},"f":{"0":61,"1":6,"2":6,"3":8},"b":{"0":[3,3,0]}}
,"/home/jorg/projects/hsl/jore4-hasura/integration-test/datasets/setup.ts": {"path":"/home/jorg/projects/hsl/jore4-hasura/integration-test/datasets/setup.ts","statementMap":{"0":{"start":{"line":2,"column":0},"end":{"line":2,"column":31}},"1":{"start":{"line":3,"column":0},"end":{"line":3,"column":60}},"2":{"start":{"line":4,"column":0},"end":{"line":4,"column":56}},"3":{"start":{"line":5,"column":0},"end":{"line":5,"column":60}},"4":{"start":{"line":6,"column":0},"end":{"line":6,"column":43}},"5":{"start":{"line":7,"column":0},"end":{"line":7,"column":34}},"6":{"start":{"line":29,"column":2},"end":{"line":29,"column":36}},"7":{"start":{"line":26,"column":0},"end":{"line":26,"column":16}},"8":{"start":{"line":32,"column":23},"end":{"line":67,"column":1}},"9":{"start":{"line":34,"column":2},"end":{"line":34,"column":null}},"10":{"start":{"line":36,"column":20},"end":{"line":36,"column":67}},"11":{"start":{"line":37,"column":17},"end":{"line":37,"column":52}},"12":{"start":{"line":39,"column":2},"end":{"line":41,"column":5}},"13":{"start":{"line":40,"column":4},"end":{"line":40,"column":51}},"14":{"start":{"line":42,"column":2},"end":{"line":64,"column":5}},"15":{"start":{"line":43,"column":28},"end":{"line":43,"column":34}},"16":{"start":{"line":45,"column":4},"end":{"line":63,"column":null}},"17":{"start":{"line":47,"column":26},"end":{"line":47,"column":53}},"18":{"start":{"line":48,"column":6},"end":{"line":48,"column":51}},"19":{"start":{"line":51,"column":23},"end":{"line":56,"column":null}},"20":{"start":{"line":53,"column":10},"end":{"line":55,"column":null}},"21":{"start":{"line":59,"column":6},"end":{"line":62,"column":8}},"22":{"start":{"line":66,"column":2},"end":{"line":66,"column":43}},"23":{"start":{"line":32,"column":13},"end":{"line":32,"column":23}},"24":{"start":{"line":69,"column":30},"end":{"line":74,"column":62}},"25":{"start":{"line":71,"column":2},"end":{"line":71,"column":null}},"26":{"start":{"line":73,"column":2},"end":{"line":74,"column":62}},"27":{"start":{"line":73,"column":32},"end":{"line":73,"column":57}},"28":{"start":{"line":69,"column":13},"end":{"line":69,"column":30}},"29":{"start":{"line":76,"column":35},"end":{"line":79,"column":15}},"30":{"start":{"line":78,"column":2},"end":{"line":78,"column":null}},"31":{"start":{"line":79,"column":5},"end":{"line":79,"column":77}},"32":{"start":{"line":79,"column":35},"end":{"line":79,"column":76}},"33":{"start":{"line":76,"column":13},"end":{"line":76,"column":35}},"34":{"start":{"line":81,"column":32},"end":{"line":82,"column":7}},"35":{"start":{"line":82,"column":2},"end":{"line":82,"column":69}},"36":{"start":{"line":82,"column":22},"end":{"line":82,"column":68}},"37":{"start":{"line":81,"column":13},"end":{"line":81,"column":32}},"38":{"start":{"line":84,"column":26},"end":{"line":89,"column":4}},"39":{"start":{"line":87,"column":2},"end":{"line":87,"column":null}},"40":{"start":{"line":89,"column":2},"end":{"line":97,"column":4}},"41":{"start":{"line":84,"column":13},"end":{"line":84,"column":26}}},"fnMap":{"0":{"name":"isTableConfig","decl":{"start":{"line":26,"column":16},"end":{"line":26,"column":29}},"loc":{"start":{"line":27,"column":22},"end":{"line":30,"column":1}}},"1":{"name":"(anonymous_8)","decl":{"start":{"line":32,"column":23},"end":{"line":32,"column":null}},"loc":{"start":{"line":34,"column":55},"end":{"line":67,"column":1}}},"2":{"name":"(anonymous_9)","decl":{"start":{"line":39,"column":17},"end":{"line":39,"column":18}},"loc":{"start":{"line":39,"column":23},"end":{"line":41,"column":3}}},"3":{"name":"(anonymous_10)","decl":{"start":{"line":42,"column":17},"end":{"line":42,"column":18}},"loc":{"start":{"line":42,"column":23},"end":{"line":64,"column":3}}},"4":{"name":"(anonymous_11)","decl":{"start":{"line":52,"column":8},"end":{"line":52,"column":9}},"loc":{"start":{"line":52,"column":19},"end":{"line":53,"column":24}}},"5":{"name":"(anonymous_12)","decl":{"start":{"line":69,"column":30},"end":{"line":69,"column":null}},"loc":{"start":{"line":71,"column":55},"end":{"line":74,"column":62}}},"6":{"name":"(anonymous_13)","decl":{"start":{"line":73,"column":21},"end":{"line":73,"column":22}},"loc":{"start":{"line":73,"column":27},"end":{"line":73,"column":37}}},"7":{"name":"(anonymous_14)","decl":{"start":{"line":76,"column":35},"end":{"line":76,"column":null}},"loc":{"start":{"line":78,"column":55},"end":{"line":79,"column":15}}},"8":{"name":"(anonymous_15)","decl":{"start":{"line":79,"column":20},"end":{"line":79,"column":21}},"loc":{"start":{"line":79,"column":30},"end":{"line":79,"column":49}}},"9":{"name":"(anonymous_16)","decl":{"start":{"line":81,"column":32},"end":{"line":81,"column":33}},"loc":{"start":{"line":81,"column":49},"end":{"line":82,"column":7}}},"10":{"name":"(anonymous_17)","decl":{"start":{"line":82,"column":12},"end":{"line":82,"column":13}},"loc":{"start":{"line":82,"column":17},"end":{"line":82,"column":23}}},"11":{"name":"(anonymous_18)","decl":{"start":{"line":84,"column":26},"end":{"line":84,"column":null}},"loc":{"start":{"line":87,"column":55},"end":{"line":89,"column":4}}}},"branchMap":{"0":{"loc":{"start":{"line":34,"column":2},"end":{"line":34,"column":null}},"type":"if","locations":[{"start":{"line":34,"column":2},"end":{"line":34,"column":null}},{"start":{"line":34,"column":2},"end":{"line":34,"column":null}}]},"1":{"loc":{"start":{"line":45,"column":4},"end":{"line":63,"column":null}},"type":"if","locations":[{"start":{"line":45,"column":4},"end":{"line":63,"column":null}},{"start":{"line":45,"column":4},"end":{"line":63,"column":null}}]},"2":{"loc":{"start":{"line":54,"column":13},"end":{"line":54,"column":null}},"type":"cond-expr","locations":[{"start":{"line":54,"column":13},"end":{"line":54,"column":null}},{"start":{"line":55,"column":14},"end":{"line":55,"column":18}}]},"3":{"loc":{"start":{"line":53,"column":10},"end":{"line":53,"column":30}},"type":"binary-expr","locations":[{"start":{"line":53,"column":10},"end":{"line":53,"column":30}},{"start":{"line":53,"column":34},"end":{"line":53,"column":48}}]},"4":{"loc":{"start":{"line":71,"column":2},"end":{"line":71,"column":null}},"type":"if","locations":[{"start":{"line":71,"column":2},"end":{"line":71,"column":null}},{"start":{"line":71,"column":2},"end":{"line":71,"column":null}}]},"5":{"loc":{"start":{"line":73,"column":57},"end":{"line":73,"column":null}},"type":"cond-expr","locations":[{"start":{"line":73,"column":57},"end":{"line":73,"column":null}},{"start":{"line":74,"column":2},"end":{"line":74,"column":61}}]},"6":{"loc":{"start":{"line":73,"column":2},"end":{"line":73,"column":null}},"type":"binary-expr","locations":[{"start":{"line":73,"column":2},"end":{"line":73,"column":null}},{"start":{"line":73,"column":57},"end":{"line":73,"column":null}}]},"7":{"loc":{"start":{"line":78,"column":2},"end":{"line":78,"column":null}},"type":"if","locations":[{"start":{"line":78,"column":2},"end":{"line":78,"column":null}},{"start":{"line":78,"column":2},"end":{"line":78,"column":null}}]},"8":{"loc":{"start":{"line":82,"column":46},"end":{"line":82,"column":59}},"type":"cond-expr","locations":[{"start":{"line":82,"column":46},"end":{"line":82,"column":59}},{"start":{"line":82,"column":62},"end":{"line":82,"column":66}}]},"9":{"loc":{"start":{"line":87,"column":2},"end":{"line":87,"column":null}},"type":"if","locations":[{"start":{"line":87,"column":2},"end":{"line":87,"column":null}},{"start":{"line":87,"column":2},"end":{"line":87,"column":null}}]}},"s":{"0":1,"1":1,"2":1,"3":1,"4":1,"5":1,"6":12,"7":1,"8":1,"9":1,"10":1,"11":1,"12":1,"13":10,"14":1,"15":20,"16":10,"17":0,"18":0,"19":10,"20":54,"21":10,"22":1,"23":1,"24":1,"25":0,"26":0,"27":0,"28":1,"29":1,"30":0,"31":0,"32":0,"33":1,"34":1,"35":1,"36":13,"37":1,"38":1,"39":0,"40":0,"41":1},"f":{"0":12,"1":1,"2":10,"3":10,"4":54,"5":0,"6":0,"7":0,"8":0,"9":1,"10":13,"11":0},"b":{"0":[0,1],"1":[0,10],"2":[2,52],"3":[54,2],"4":[0,0],"5":[0,0],"6":[0,0],"7":[0,0],"8":[0,13],"9":[0,0]}}
,"/home/jorg/projects/hsl/jore4-hasura/integration-test/datasets/types.ts": {"path":"/home/jorg/projects/hsl/jore4-hasura/integration-test/datasets/types.ts","statementMap":{"0":{"start":{"line":15,"column":2},"end":{"line":15,"column":41}},"1":{"start":{"line":11,"column":0},"end":{"line":11,"column":16}},"2":{"start":{"line":18,"column":0},"end":{"line":18,"column":null}},"3":{"start":{"line":19,"column":2},"end":{"line":19,"column":null}},"4":{"start":{"line":20,"column":2},"end":{"line":20,"column":null}},"5":{"start":{"line":21,"column":2},"end":{"line":21,"column":null}},"6":{"start":{"line":24,"column":0},"end":{"line":24,"column":null}},"7":{"start":{"line":25,"column":2},"end":{"line":25,"column":null}},"8":{"start":{"line":26,"column":2},"end":{"line":26,"column":null}},"9":{"start":{"line":27,"column":2},"end":{"line":27,"column":null}},"10":{"start":{"line":28,"column":2},"end":{"line":28,"column":null}},"11":{"start":{"line":29,"column":2},"end":{"line":29,"column":null}},"12":{"start":{"line":30,"column":2},"end":{"line":30,"column":null}},"13":{"start":{"line":31,"column":2},"end":{"line":31,"column":null}},"14":{"start":{"line":32,"column":2},"end":{"line":32,"column":null}},"15":{"start":{"line":35,"column":0},"end":{"line":35,"column":null}},"16":{"start":{"line":36,"column":2},"end":{"line":36,"column":null}},"17":{"start":{"line":37,"column":2},"end":{"line":37,"column":null}},"18":{"start":{"line":38,"column":2},"end":{"line":38,"column":null}},"19":{"start":{"line":39,"column":2},"end":{"line":39,"column":null}},"20":{"start":{"line":40,"column":2},"end":{"line":40,"column":null}},"21":{"start":{"line":43,"column":0},"end":{"line":43,"column":null}},"22":{"start":{"line":44,"column":2},"end":{"line":44,"column":null}},"23":{"start":{"line":45,"column":2},"end":{"line":45,"column":null}},"24":{"start":{"line":46,"column":2},"end":{"line":46,"column":null}},"25":{"start":{"line":47,"column":2},"end":{"line":47,"column":null}},"26":{"start":{"line":48,"column":2},"end":{"line":48,"column":null}},"27":{"start":{"line":49,"column":2},"end":{"line":49,"column":null}},"28":{"start":{"line":52,"column":0},"end":{"line":52,"column":null}},"29":{"start":{"line":53,"column":2},"end":{"line":53,"column":null}},"30":{"start":{"line":54,"column":2},"end":{"line":54,"column":null}},"31":{"start":{"line":55,"column":2},"end":{"line":55,"column":null}},"32":{"start":{"line":56,"column":2},"end":{"line":56,"column":null}},"33":{"start":{"line":57,"column":2},"end":{"line":57,"column":null}},"34":{"start":{"line":58,"column":2},"end":{"line":58,"column":null}},"35":{"start":{"line":59,"column":2},"end":{"line":59,"column":null}},"36":{"start":{"line":60,"column":2},"end":{"line":60,"column":null}},"37":{"start":{"line":61,"column":2},"end":{"line":61,"column":null}},"38":{"start":{"line":62,"column":2},"end":{"line":62,"column":null}},"39":{"start":{"line":63,"column":2},"end":{"line":63,"column":null}},"40":{"start":{"line":74,"column":13},"end":{"line":81,"column":2}},"41":{"start":{"line":87,"column":13},"end":{"line":90,"column":2}},"42":{"start":{"line":95,"column":13},"end":{"line":95,"column":69}},"43":{"start":{"line":107,"column":13},"end":{"line":116,"column":2}},"44":{"start":{"line":122,"column":13},"end":{"line":125,"column":2}},"45":{"start":{"line":148,"column":13},"end":{"line":162,"column":2}},"46":{"start":{"line":170,"column":13},"end":{"line":175,"column":2}},"47":{"start":{"line":188,"column":13},"end":{"line":198,"column":2}},"48":{"start":{"line":204,"column":13},"end":{"line":207,"column":2}},"49":{"start":{"line":218,"column":13},"end":{"line":226,"column":2}}},"fnMap":{"0":{"name":"hasGeoPropSpec","decl":{"start":{"line":11,"column":16},"end":{"line":11,"column":30}},"loc":{"start":{"line":14,"column":14},"end":{"line":16,"column":1}}},"1":{"name":"(anonymous_1)","decl":{"start":{"line":18,"column":0},"end":{"line":18,"column":12}},"loc":{"start":{"line":18,"column":25},"end":{"line":22,"column":1}}},"2":{"name":"(anonymous_2)","decl":{"start":{"line":24,"column":0},"end":{"line":24,"column":12}},"loc":{"start":{"line":24,"column":26},"end":{"line":33,"column":1}}},"3":{"name":"(anonymous_3)","decl":{"start":{"line":35,"column":0},"end":{"line":35,"column":12}},"loc":{"start":{"line":35,"column":23},"end":{"line":41,"column":1}}},"4":{"name":"(anonymous_4)","decl":{"start":{"line":43,"column":0},"end":{"line":43,"column":12}},"loc":{"start":{"line":43,"column":26},"end":{"line":50,"column":1}}},"5":{"name":"(anonymous_5)","decl":{"start":{"line":52,"column":0},"end":{"line":52,"column":12}},"loc":{"start":{"line":52,"column":22},"end":{"line":64,"column":1}}}},"branchMap":{"0":{"loc":{"start":{"line":18,"column":12},"end":{"line":18,"column":25}},"type":"binary-expr","locations":[{"start":{"line":18,"column":12},"end":{"line":18,"column":25}},{"start":{"line":18,"column":12},"end":{"line":18,"column":null}}]},"1":{"loc":{"start":{"line":24,"column":12},"end":{"line":24,"column":26}},"type":"binary-expr","locations":[{"start":{"line":24,"column":12},"end":{"line":24,"column":26}},{"start":{"line":24,"column":12},"end":{"line":24,"column":null}}]},"2":{"loc":{"start":{"line":35,"column":12},"end":{"line":35,"column":23}},"type":"binary-expr","locations":[{"start":{"line":35,"column":12},"end":{"line":35,"column":23}},{"start":{"line":35,"column":12},"end":{"line":35,"column":null}}]},"3":{"loc":{"start":{"line":43,"column":12},"end":{"line":43,"column":26}},"type":"binary-expr","locations":[{"start":{"line":43,"column":12},"end":{"line":43,"column":26}},{"start":{"line":43,"column":12},"end":{"line":43,"column":null}}]},"4":{"loc":{"start":{"line":52,"column":12},"end":{"line":52,"column":22}},"type":"binary-expr","locations":[{"start":{"line":52,"column":12},"end":{"line":52,"column":22}},{"start":{"line":52,"column":12},"end":{"line":52,"column":null}}]}},"s":{"0":67,"1":1,"2":1,"3":1,"4":1,"5":1,"6":1,"7":1,"8":1,"9":1,"10":1,"11":1,"12":1,"13":1,"14":1,"15":1,"16":1,"17":1,"18":1,"19":1,"20":1,"21":1,"22":1,"23":1,"24":1,"25":1,"26":1,"27":1,"28":1,"29":1,"30":1,"31":1,"32":1,"33":1,"34":1,"35":1,"36":1,"37":1,"38":1,"39":1,"40":1,"41":1,"42":1,"43":1,"44":1,"45":1,"46":1,"47":1,"48":1,"49":1},"f":{"0":67,"1":1,"2":1,"3":1,"4":1,"5":1},"b":{"0":[1,1],"1":[1,1],"2":[1,1],"3":[1,1],"4":[1,1]}}
,"/home/jorg/projects/hsl/jore4-hasura/integration-test/datasets/defaultSetup/index.ts": {"path":"/home/jorg/projects/hsl/jore4-hasura/integration-test/datasets/defaultSetup/index.ts","statementMap":{"0":{"start":{"line":1,"column":0},"end":{"line":1,"column":null}},"1":{"start":{"line":5,"column":0},"end":{"line":5,"column":null}},"2":{"start":{"line":10,"column":0},"end":{"line":10,"column":32}},"3":{"start":{"line":11,"column":0},"end":{"line":11,"column":64}},"4":{"start":{"line":13,"column":0},"end":{"line":13,"column":null}},"5":{"start":{"line":24,"column":13},"end":{"line":65,"column":2}}},"fnMap":{},"branchMap":{},"s":{"0":1,"1":1,"2":1,"3":1,"4":1,"5":1},"f":{},"b":{}}
,"/home/jorg/projects/hsl/jore4-hasura/integration-test/datasets/defaultSetup/infrastructure-links.ts": {"path":"/home/jorg/projects/hsl/jore4-hasura/integration-test/datasets/defaultSetup/infrastructure-links.ts","statementMap":{"0":{"start":{"line":1,"column":0},"end":{"line":1,"column":null}},"1":{"start":{"line":8,"column":13},"end":{"line":209,"column":2}},"2":{"start":{"line":211,"column":13},"end":{"line":269,"column":4}}},"fnMap":{},"branchMap":{},"s":{"0":1,"1":1,"2":1},"f":{},"b":{}}
,"/home/jorg/projects/hsl/jore4-hasura/integration-test/datasets/defaultSetup/lines.ts": {"path":"/home/jorg/projects/hsl/jore4-hasura/integration-test/datasets/defaultSetup/lines.ts","statementMap":{"0":{"start":{"line":1,"column":0},"end":{"line":1,"column":52}},"1":{"start":{"line":2,"column":0},"end":{"line":2,"column":63}},"2":{"start":{"line":4,"column":13},"end":{"line":41,"column":2}}},"fnMap":{},"branchMap":{},"s":{"0":1,"1":1,"2":1},"f":{},"b":{}}
,"/home/jorg/projects/hsl/jore4-hasura/integration-test/datasets/defaultSetup/routes.ts": {"path":"/home/jorg/projects/hsl/jore4-hasura/integration-test/datasets/defaultSetup/routes.ts","statementMap":{"0":{"start":{"line":1,"column":0},"end":{"line":1,"column":49}},"1":{"start":{"line":2,"column":0},"end":{"line":2,"column":null}},"2":{"start":{"line":7,"column":0},"end":{"line":7,"column":61}},"3":{"start":{"line":8,"column":0},"end":{"line":8,"column":32}},"4":{"start":{"line":11,"column":13},"end":{"line":57,"column":2}},"5":{"start":{"line":59,"column":13},"end":{"line":90,"column":2}}},"fnMap":{},"branchMap":{},"s":{"0":1,"1":1,"2":1,"3":1,"4":1,"5":1},"f":{},"b":{}}
,"/home/jorg/projects/hsl/jore4-hasura/integration-test/datasets/defaultSetup/scheduled-stop-points.ts": {"path":"/home/jorg/projects/hsl/jore4-hasura/integration-test/datasets/defaultSetup/scheduled-stop-points.ts","statementMap":{"0":{"start":{"line":1,"column":0},"end":{"line":1,"column":null}},"1":{"start":{"line":8,"column":0},"end":{"line":8,"column":61}},"2":{"start":{"line":9,"column":0},"end":{"line":9,"column":32}},"3":{"start":{"line":11,"column":13},"end":{"line":138,"column":2}},"4":{"start":{"line":140,"column":13},"end":{"line":143,"column":6}},"5":{"start":{"line":141,"column":67},"end":{"line":143,"column":5}},"6":{"start":{"line":145,"column":13},"end":{"line":183,"column":4}}},"fnMap":{"0":{"name":"(anonymous_0)","decl":{"start":{"line":141,"column":43},"end":{"line":141,"column":44}},"loc":{"start":{"line":141,"column":62},"end":{"line":141,"column":68}}}},"branchMap":{},"s":{"0":1,"1":1,"2":1,"3":1,"4":1,"5":7,"6":1},"f":{"0":7},"b":{}}
,"/home/jorg/projects/hsl/jore4-hasura/integration-test/datasets/prioritizedRouteVerification/index.ts": {"path":"/home/jorg/projects/hsl/jore4-hasura/integration-test/datasets/prioritizedRouteVerification/index.ts","statementMap":{"0":{"start":{"line":1,"column":0},"end":{"line":1,"column":null}},"1":{"start":{"line":5,"column":0},"end":{"line":5,"column":null}},"2":{"start":{"line":12,"column":0},"end":{"line":12,"column":32}},"3":{"start":{"line":13,"column":0},"end":{"line":13,"column":null}},"4":{"start":{"line":20,"column":0},"end":{"line":20,"column":null}},"5":{"start":{"line":32,"column":0},"end":{"line":32,"column":null}},"6":{"start":{"line":39,"column":13},"end":{"line":90,"column":2}},"7":{"start":{"line":92,"column":13},"end":{"line":123,"column":5}},"8":{"start":{"line":94,"column":4},"end":{"line":96,"column":null}},"9":{"start":{"line":95,"column":6},"end":{"line":95,"column":29}},"10":{"start":{"line":98,"column":20},"end":{"line":113,"column":8}},"11":{"start":{"line":99,"column":6},"end":{"line":112,"column":null}},"12":{"start":{"line":101,"column":10},"end":{"line":101,"column":50}},"13":{"start":{"line":103,"column":10},"end":{"line":103,"column":62}},"14":{"start":{"line":105,"column":10},"end":{"line":105,"column":37}},"15":{"start":{"line":107,"column":10},"end":{"line":107,"column":59}},"16":{"start":{"line":109,"column":10},"end":{"line":109,"column":46}},"17":{"start":{"line":111,"column":10},"end":{"line":111,"column":65}},"18":{"start":{"line":115,"column":4},"end":{"line":122,"column":null}},"19":{"start":{"line":116,"column":6},"end":{"line":118,"column":null}},"20":{"start":{"line":121,"column":6},"end":{"line":121,"column":29}}},"fnMap":{"0":{"name":"(anonymous_2)","decl":{"start":{"line":93,"column":46},"end":{"line":93,"column":47}},"loc":{"start":{"line":93,"column":62},"end":{"line":123,"column":3}}},"1":{"name":"(anonymous_3)","decl":{"start":{"line":98,"column":21},"end":{"line":98,"column":null}},"loc":{"start":{"line":98,"column":21},"end":{"line":113,"column":5}}}},"branchMap":{"0":{"loc":{"start":{"line":94,"column":4},"end":{"line":96,"column":null}},"type":"if","locations":[{"start":{"line":94,"column":4},"end":{"line":96,"column":null}},{"start":{"line":94,"column":4},"end":{"line":96,"column":null}}]},"1":{"loc":{"start":{"line":100,"column":8},"end":{"line":101,"column":50}},"type":"switch","locations":[{"start":{"line":100,"column":8},"end":{"line":101,"column":50}},{"start":{"line":102,"column":8},"end":{"line":103,"column":62}},{"start":{"line":104,"column":8},"end":{"line":105,"column":37}},{"start":{"line":106,"column":8},"end":{"line":107,"column":59}},{"start":{"line":108,"column":8},"end":{"line":109,"column":46}},{"start":{"line":110,"column":8},"end":{"line":111,"column":65}}]},"2":{"loc":{"start":{"line":115,"column":4},"end":{"line":122,"column":null}},"type":"if","locations":[{"start":{"line":115,"column":4},"end":{"line":122,"column":null}},{"start":{"line":115,"column":4},"end":{"line":122,"column":null}}]}},"s":{"0":1,"1":1,"2":1,"3":1,"4":1,"5":1,"6":1,"7":1,"8":12,"9":2,"10":10,"11":10,"12":1,"13":1,"14":1,"15":1,"16":1,"17":1,"18":10,"19":6,"20":4},"f":{"0":12,"1":10},"b":{"0":[2,10],"1":[1,1,1,1,1,1],"2":[6,4]}}
,"/home/jorg/projects/hsl/jore4-hasura/integration-test/datasets/prioritizedRouteVerification/infrastructure-links.ts": {"path":"/home/jorg/projects/hsl/jore4-hasura/integration-test/datasets/prioritizedRouteVerification/infrastructure-links.ts","statementMap":{"0":{"start":{"line":1,"column":0},"end":{"line":1,"column":null}},"1":{"start":{"line":8,"column":13},"end":{"line":89,"column":2}},"2":{"start":{"line":91,"column":13},"end":{"line":110,"column":2}},"3":{"start":{"line":112,"column":13},"end":{"line":115,"column":null}},"4":{"start":{"line":117,"column":13},"end":{"line":121,"column":6}},"5":{"start":{"line":118,"column":41},"end":{"line":121,"column":5}}},"fnMap":{"0":{"name":"(anonymous_1)","decl":{"start":{"line":118,"column":26},"end":{"line":118,"column":27}},"loc":{"start":{"line":118,"column":36},"end":{"line":118,"column":42}}}},"branchMap":{},"s":{"0":1,"1":1,"2":1,"3":1,"4":1,"5":5},"f":{"0":5},"b":{}}
,"/home/jorg/projects/hsl/jore4-hasura/integration-test/datasets/prioritizedRouteVerification/journey-patterns.ts": {"path":"/home/jorg/projects/hsl/jore4-hasura/integration-test/datasets/prioritizedRouteVerification/journey-patterns.ts","statementMap":{"0":{"start":{"line":5,"column":0},"end":{"line":5,"column":63}},"1":{"start":{"line":6,"column":0},"end":{"line":6,"column":83}},"2":{"start":{"line":8,"column":13},"end":{"line":11,"column":2}},"3":{"start":{"line":13,"column":13},"end":{"line":16,"column":2}},"4":{"start":{"line":18,"column":13},"end":{"line":18,"column":71}},"5":{"start":{"line":19,"column":13},"end":{"line":22,"column":2}},"6":{"start":{"line":24,"column":13},"end":{"line":66,"column":4}},"7":{"start":{"line":68,"column":13},"end":{"line":78,"column":8}},"8":{"start":{"line":72,"column":8},"end":{"line":72,"column":null}},"9":{"start":{"line":74,"column":56},"end":{"line":78,"column":7}},"10":{"start":{"line":80,"column":13},"end":{"line":90,"column":8}},"11":{"start":{"line":84,"column":8},"end":{"line":84,"column":null}},"12":{"start":{"line":86,"column":56},"end":{"line":90,"column":7}},"13":{"start":{"line":92,"column":13},"end":{"line":98,"column":4}},"14":{"start":{"line":94,"column":44},"end":{"line":97,"column":null}},"15":{"start":{"line":100,"column":13},"end":{"line":101,"column":42}},"16":{"start":{"line":102,"column":13},"end":{"line":129,"column":null}},"17":{"start":{"line":107,"column":8},"end":{"line":118,"column":null}},"18":{"start":{"line":115,"column":10},"end":{"line":117,"column":12}},"19":{"start":{"line":119,"column":8},"end":{"line":127,"column":11}}},"fnMap":{"0":{"name":"(anonymous_3)","decl":{"start":{"line":71,"column":6},"end":{"line":71,"column":7}},"loc":{"start":{"line":71,"column":41},"end":{"line":72,"column":42}}},"1":{"name":"(anonymous_4)","decl":{"start":{"line":74,"column":9},"end":{"line":74,"column":10}},"loc":{"start":{"line":74,"column":51},"end":{"line":74,"column":null}}},"2":{"name":"(anonymous_5)","decl":{"start":{"line":83,"column":6},"end":{"line":83,"column":7}},"loc":{"start":{"line":83,"column":41},"end":{"line":84,"column":42}}},"3":{"name":"(anonymous_6)","decl":{"start":{"line":86,"column":9},"end":{"line":86,"column":10}},"loc":{"start":{"line":86,"column":51},"end":{"line":86,"column":null}}},"4":{"name":"(anonymous_7)","decl":{"start":{"line":94,"column":4},"end":{"line":94,"column":5}},"loc":{"start":{"line":94,"column":39},"end":{"line":94,"column":null}}},"5":{"name":"(anonymous_8)","decl":{"start":{"line":106,"column":6},"end":{"line":106,"column":7}},"loc":{"start":{"line":106,"column":41},"end":{"line":128,"column":7}}}},"branchMap":{"0":{"loc":{"start":{"line":107,"column":8},"end":{"line":118,"column":null}},"type":"if","locations":[{"start":{"line":107,"column":8},"end":{"line":118,"column":null}},{"start":{"line":107,"column":8},"end":{"line":118,"column":null}}]},"1":{"loc":{"start":{"line":108,"column":10},"end":{"line":109,"column":21}},"type":"binary-expr","locations":[{"start":{"line":108,"column":10},"end":{"line":109,"column":21}},{"start":{"line":110,"column":10},"end":{"line":111,"column":21}},{"start":{"line":112,"column":10},"end":{"line":112,"column":74}},{"start":{"line":113,"column":10},"end":{"line":113,"column":71}}]}},"s":{"0":1,"1":1,"2":1,"3":1,"4":1,"5":1,"6":1,"7":1,"8":4,"9":3,"10":1,"11":4,"12":3,"13":1,"14":4,"15":1,"16":1,"17":3,"18":0,"19":3},"f":{"0":4,"1":3,"2":4,"3":3,"4":4,"5":3},"b":{"0":[0,3],"1":[3,3,3,3]}}
,"/home/jorg/projects/hsl/jore4-hasura/integration-test/datasets/prioritizedRouteVerification/lines.ts": {"path":"/home/jorg/projects/hsl/jore4-hasura/integration-test/datasets/prioritizedRouteVerification/lines.ts","statementMap":{"0":{"start":{"line":1,"column":0},"end":{"line":1,"column":52}},"1":{"start":{"line":2,"column":0},"end":{"line":2,"column":63}},"2":{"start":{"line":4,"column":13},"end":{"line":12,"column":2}}},"fnMap":{},"branchMap":{},"s":{"0":1,"1":1,"2":1},"f":{},"b":{}}
,"/home/jorg/projects/hsl/jore4-hasura/integration-test/datasets/prioritizedRouteVerification/routes.ts": {"path":"/home/jorg/projects/hsl/jore4-hasura/integration-test/datasets/prioritizedRouteVerification/routes.ts","statementMap":{"0":{"start":{"line":1,"column":0},"end":{"line":1,"column":49}},"1":{"start":{"line":2,"column":0},"end":{"line":2,"column":null}},"2":{"start":{"line":8,"column":0},"end":{"line":8,"column":78}},"3":{"start":{"line":9,"column":0},"end":{"line":9,"column":32}},"4":{"start":{"line":11,"column":13},"end":{"line":18,"column":null}},"5":{"start":{"line":21,"column":13},"end":{"line":28,"column":null}},"6":{"start":{"line":31,"column":13},"end":{"line":38,"column":null}},"7":{"start":{"line":41,"column":13},"end":{"line":41,"column":44}},"8":{"start":{"line":42,"column":13},"end":{"line":45,"column":2}},"9":{"start":{"line":47,"column":13},"end":{"line":53,"column":6}},"10":{"start":{"line":48,"column":49},"end":{"line":53,"column":5}},"11":{"start":{"line":55,"column":13},"end":{"line":59,"column":6}},"12":{"start":{"line":56,"column":65},"end":{"line":59,"column":5}},"13":{"start":{"line":61,"column":13},"end":{"line":74,"column":4}},"14":{"start":{"line":63,"column":4},"end":{"line":73,"column":null}},"15":{"start":{"line":76,"column":13},"end":{"line":77,"column":36}},"16":{"start":{"line":78,"column":13},"end":{"line":100,"column":null}},"17":{"start":{"line":83,"column":8},"end":{"line":91,"column":null}},"18":{"start":{"line":88,"column":10},"end":{"line":90,"column":12}},"19":{"start":{"line":92,"column":8},"end":{"line":98,"column":11}}},"fnMap":{"0":{"name":"(anonymous_3)","decl":{"start":{"line":48,"column":27},"end":{"line":48,"column":28}},"loc":{"start":{"line":48,"column":44},"end":{"line":48,"column":50}}},"1":{"name":"(anonymous_4)","decl":{"start":{"line":56,"column":40},"end":{"line":56,"column":41}},"loc":{"start":{"line":56,"column":60},"end":{"line":56,"column":null}}},"2":{"name":"(anonymous_5)","decl":{"start":{"line":62,"column":40},"end":{"line":62,"column":41}},"loc":{"start":{"line":62,"column":67},"end":{"line":63,"column":9}}},"3":{"name":"(anonymous_6)","decl":{"start":{"line":82,"column":6},"end":{"line":82,"column":7}},"loc":{"start":{"line":82,"column":26},"end":{"line":99,"column":7}}}},"branchMap":{"0":{"loc":{"start":{"line":64,"column":8},"end":{"line":69,"column":null}},"type":"cond-expr","locations":[{"start":{"line":64,"column":8},"end":{"line":69,"column":null}},{"start":{"line":70,"column":7},"end":{"line":72,"column":null}}]},"1":{"loc":{"start":{"line":83,"column":8},"end":{"line":91,"column":null}},"type":"if","locations":[{"start":{"line":83,"column":8},"end":{"line":91,"column":null}},{"start":{"line":83,"column":8},"end":{"line":91,"column":null}}]},"2":{"loc":{"start":{"line":84,"column":10},"end":{"line":84,"column":66}},"type":"binary-expr","locations":[{"start":{"line":84,"column":10},"end":{"line":84,"column":66}},{"start":{"line":85,"column":10},"end":{"line":85,"column":72}},{"start":{"line":86,"column":10},"end":{"line":86,"column":65}}]}},"s":{"0":1,"1":1,"2":1,"3":1,"4":1,"5":1,"6":1,"7":1,"8":1,"9":1,"10":4,"11":1,"12":4,"13":1,"14":4,"15":1,"16":1,"17":4,"18":0,"19":4},"f":{"0":4,"1":4,"2":4,"3":4},"b":{"0":[1,3],"1":[0,4],"2":[4,4,4]}}
,"/home/jorg/projects/hsl/jore4-hasura/integration-test/datasets/prioritizedRouteVerification/scheduled-stop-points.ts": {"path":"/home/jorg/projects/hsl/jore4-hasura/integration-test/datasets/prioritizedRouteVerification/scheduled-stop-points.ts","statementMap":{"0":{"start":{"line":1,"column":0},"end":{"line":1,"column":null}},"1":{"start":{"line":8,"column":0},"end":{"line":8,"column":78}},"2":{"start":{"line":9,"column":0},"end":{"line":9,"column":32}},"3":{"start":{"line":11,"column":13},"end":{"line":84,"column":2}},"4":{"start":{"line":86,"column":13},"end":{"line":104,"column":4}},"5":{"start":{"line":106,"column":13},"end":{"line":110,"column":null}},"6":{"start":{"line":113,"column":13},"end":{"line":130,"column":4}},"7":{"start":{"line":132,"column":13},"end":{"line":132,"column":76}},"8":{"start":{"line":133,"column":13},"end":{"line":139,"column":null}},"9":{"start":{"line":134,"column":74},"end":{"line":137,"column":5}},"10":{"start":{"line":141,"column":13},"end":{"line":146,"column":4}},"11":{"start":{"line":143,"column":28},"end":{"line":145,"column":null}},"12":{"start":{"line":148,"column":13},"end":{"line":152,"column":6}},"13":{"start":{"line":149,"column":50},"end":{"line":152,"column":5}},"14":{"start":{"line":153,"column":13},"end":{"line":157,"column":6}},"15":{"start":{"line":154,"column":63},"end":{"line":157,"column":5}}},"fnMap":{"0":{"name":"(anonymous_3)","decl":{"start":{"line":134,"column":50},"end":{"line":134,"column":51}},"loc":{"start":{"line":134,"column":69},"end":{"line":134,"column":null}}},"1":{"name":"(anonymous_4)","decl":{"start":{"line":143,"column":4},"end":{"line":143,"column":5}},"loc":{"start":{"line":143,"column":23},"end":{"line":143,"column":29}}},"2":{"name":"(anonymous_5)","decl":{"start":{"line":149,"column":26},"end":{"line":149,"column":27}},"loc":{"start":{"line":149,"column":45},"end":{"line":149,"column":51}}},"3":{"name":"(anonymous_6)","decl":{"start":{"line":154,"column":39},"end":{"line":154,"column":40}},"loc":{"start":{"line":154,"column":58},"end":{"line":154,"column":64}}}},"branchMap":{},"s":{"0":1,"1":1,"2":1,"3":1,"4":1,"5":1,"6":1,"7":1,"8":1,"9":4,"10":1,"11":4,"12":1,"13":4,"14":1,"15":5},"f":{"0":4,"1":4,"2":4,"3":5},"b":{}}
,"/home/jorg/projects/hsl/jore4-hasura/integration-test/tests/data-integrity/route-journey-pattern-refs/prioritized-route-verification/util.ts": {"path":"/home/jorg/projects/hsl/jore4-hasura/integration-test/tests/data-integrity/route-journey-pattern-refs/prioritized-route-verification/util.ts","statementMap":{"0":{"start":{"line":2,"column":0},"end":{"line":2,"column":34}},"1":{"start":{"line":3,"column":0},"end":{"line":3,"column":24}},"2":{"start":{"line":4,"column":0},"end":{"line":4,"column":63}},"3":{"start":{"line":5,"column":0},"end":{"line":5,"column":97}},"4":{"start":{"line":6,"column":0},"end":{"line":6,"column":99}},"5":{"start":{"line":7,"column":0},"end":{"line":7,"column":null}},"6":{"start":{"line":18,"column":0},"end":{"line":18,"column":41}},"7":{"start":{"line":19,"column":0},"end":{"line":19,"column":38}},"8":{"start":{"line":20,"column":0},"end":{"line":20,"column":76}},"9":{"start":{"line":21,"column":0},"end":{"line":21,"column":53}},"10":{"start":{"line":24,"column":21},"end":{"line":24,"column":36}},"11":{"start":{"line":26,"column":32},"end":{"line":26,"column":null}},"12":{"start":{"line":26,"column":79},"end":{"line":44,"column":2}},"13":{"start":{"line":46,"column":32},"end":{"line":46,"column":null}},"14":{"start":{"line":46,"column":69},"end":{"line":61,"column":2}},"15":{"start":{"line":63,"column":33},"end":{"line":67,"column":null}},"16":{"start":{"line":67,"column":5},"end":{"line":92,"column":2}},"17":{"start":{"line":94,"column":43},"end":{"line":97,"column":null}},"18":{"start":{"line":97,"column":5},"end":{"line":118,"column":2}},"19":{"start":{"line":120,"column":33},"end":{"line":120,"column":null}},"20":{"start":{"line":120,"column":54},"end":{"line":130,"column":2}},"21":{"start":{"line":132,"column":60},"end":{"line":158,"column":1}},"22":{"start":{"line":136,"column":4},"end":{"line":146,"column":6}},"23":{"start":{"line":148,"column":2},"end":{"line":157,"column":2}},"24":{"start":{"line":160,"column":31},"end":{"line":161,"column":4}},"25":{"start":{"line":161,"column":2},"end":{"line":164,"column":5}},"26":{"start":{"line":160,"column":13},"end":{"line":160,"column":31}},"27":{"start":{"line":166,"column":31},"end":{"line":167,"column":4}},"28":{"start":{"line":167,"column":2},"end":{"line":170,"column":5}},"29":{"start":{"line":166,"column":13},"end":{"line":166,"column":31}},"30":{"start":{"line":172,"column":27},"end":{"line":177,"column":4}},"31":{"start":{"line":177,"column":2},"end":{"line":186,"column":5}},"32":{"start":{"line":172,"column":13},"end":{"line":172,"column":27}},"33":{"start":{"line":188,"column":27},"end":{"line":189,"column":4}},"34":{"start":{"line":189,"column":2},"end":{"line":194,"column":5}},"35":{"start":{"line":188,"column":13},"end":{"line":188,"column":27}},"36":{"start":{"line":196,"column":37},"end":{"line":200,"column":4}},"37":{"start":{"line":200,"column":2},"end":{"line":208,"column":5}},"38":{"start":{"line":196,"column":13},"end":{"line":196,"column":37}},"39":{"start":{"line":210,"column":57},"end":{"line":213,"column":4}},"40":{"start":{"line":213,"column":2},"end":{"line":219,"column":5}},"41":{"start":{"line":210,"column":13},"end":{"line":210,"column":57}},"42":{"start":{"line":221,"column":13},"end":{"line":223,"column":2}},"43":{"start":{"line":225,"column":60},"end":{"line":240,"column":2}},"44":{"start":{"line":226,"column":27},"end":{"line":240,"column":2}},"45":{"start":{"line":228,"column":23},"end":{"line":232,"column":null}},"46":{"start":{"line":228,"column":8},"end":{"line":232,"column":null}},"47":{"start":{"line":234,"column":2},"end":{"line":234,"column":68}},"48":{"start":{"line":235,"column":2},"end":{"line":239,"column":4}},"49":{"start":{"line":225,"column":13},"end":{"line":225,"column":60}},"50":{"start":{"line":242,"column":61},"end":{"line":260,"column":1}},"51":{"start":{"line":246,"column":2},"end":{"line":259,"column":4}},"52":{"start":{"line":242,"column":13},"end":{"line":242,"column":61}},"53":{"start":{"line":262,"column":67},"end":{"line":282,"column":2}},"54":{"start":{"line":264,"column":43},"end":{"line":282,"column":2}},"55":{"start":{"line":266,"column":19},"end":{"line":269,"column":null}},"56":{"start":{"line":266,"column":8},"end":{"line":269,"column":null}},"57":{"start":{"line":271,"column":2},"end":{"line":271,"column":68}},"58":{"start":{"line":273,"column":2},"end":{"line":281,"column":4}},"59":{"start":{"line":262,"column":13},"end":{"line":262,"column":67}},"60":{"start":{"line":284,"column":54},"end":{"line":309,"column":1}},"61":{"start":{"line":290,"column":2},"end":{"line":303,"column":4}},"62":{"start":{"line":306,"column":2},"end":{"line":308,"column":20}},"63":{"start":{"line":284,"column":13},"end":{"line":284,"column":54}},"64":{"start":{"line":311,"column":64},"end":{"line":343,"column":1}},"65":{"start":{"line":315,"column":2},"end":{"line":336,"column":4}},"66":{"start":{"line":339,"column":2},"end":{"line":342,"column":20}},"67":{"start":{"line":311,"column":13},"end":{"line":311,"column":64}}},"fnMap":{"0":{"name":"(anonymous_22)","decl":{"start":{"line":26,"column":32},"end":{"line":26,"column":33}},"loc":{"start":{"line":26,"column":74},"end":{"line":26,"column":null}}},"1":{"name":"(anonymous_23)","decl":{"start":{"line":46,"column":32},"end":{"line":46,"column":33}},"loc":{"start":{"line":46,"column":64},"end":{"line":46,"column":null}}},"2":{"name":"(anonymous_24)","decl":{"start":{"line":63,"column":33},"end":{"line":63,"column":null}},"loc":{"start":{"line":66,"column":84},"end":{"line":67,"column":null}}},"3":{"name":"(anonymous_25)","decl":{"start":{"line":94,"column":43},"end":{"line":94,"column":null}},"loc":{"start":{"line":96,"column":84},"end":{"line":97,"column":null}}},"4":{"name":"(anonymous_26)","decl":{"start":{"line":120,"column":33},"end":{"line":120,"column":34}},"loc":{"start":{"line":120,"column":49},"end":{"line":120,"column":null}}},"5":{"name":"(anonymous_27)","decl":{"start":{"line":132,"column":60},"end":{"line":132,"column":null}},"loc":{"start":{"line":133,"column":49},"end":{"line":158,"column":1}}},"6":{"name":"(anonymous_28)","decl":{"start":{"line":160,"column":31},"end":{"line":160,"column":32}},"loc":{"start":{"line":160,"column":73},"end":{"line":161,"column":4}}},"7":{"name":"(anonymous_29)","decl":{"start":{"line":166,"column":31},"end":{"line":166,"column":32}},"loc":{"start":{"line":166,"column":63},"end":{"line":167,"column":4}}},"8":{"name":"(anonymous_30)","decl":{"start":{"line":172,"column":27},"end":{"line":172,"column":null}},"loc":{"start":{"line":175,"column":84},"end":{"line":177,"column":4}}},"9":{"name":"(anonymous_31)","decl":{"start":{"line":188,"column":27},"end":{"line":188,"column":28}},"loc":{"start":{"line":188,"column":43},"end":{"line":189,"column":4}}},"10":{"name":"(anonymous_32)","decl":{"start":{"line":196,"column":37},"end":{"line":196,"column":null}},"loc":{"start":{"line":198,"column":84},"end":{"line":200,"column":4}}},"11":{"name":"(anonymous_33)","decl":{"start":{"line":210,"column":57},"end":{"line":210,"column":null}},"loc":{"start":{"line":211,"column":49},"end":{"line":213,"column":4}}},"12":{"name":"(anonymous_34)","decl":{"start":{"line":225,"column":60},"end":{"line":225,"column":null}},"loc":{"start":{"line":226,"column":27},"end":{"line":240,"column":2}}},"13":{"name":"(anonymous_35)","decl":{"start":{"line":226,"column":27},"end":{"line":226,"column":null}},"loc":{"start":{"line":226,"column":27},"end":{"line":240,"column":2}}},"14":{"name":"(anonymous_37)","decl":{"start":{"line":242,"column":61},"end":{"line":242,"column":null}},"loc":{"start":{"line":244,"column":20},"end":{"line":260,"column":1}}},"15":{"name":"(anonymous_38)","decl":{"start":{"line":262,"column":67},"end":{"line":262,"column":null}},"loc":{"start":{"line":264,"column":43},"end":{"line":282,"column":2}}},"16":{"name":"(anonymous_39)","decl":{"start":{"line":264,"column":43},"end":{"line":264,"column":null}},"loc":{"start":{"line":264,"column":43},"end":{"line":282,"column":2}}},"17":{"name":"(anonymous_41)","decl":{"start":{"line":284,"column":54},"end":{"line":284,"column":null}},"loc":{"start":{"line":288,"column":15},"end":{"line":309,"column":1}}},"18":{"name":"(anonymous_42)","decl":{"start":{"line":311,"column":64},"end":{"line":311,"column":null}},"loc":{"start":{"line":313,"column":15},"end":{"line":343,"column":1}}}},"branchMap":{"0":{"loc":{"start":{"line":228,"column":23},"end":{"line":232,"column":null}},"type":"switch","locations":[{"start":{"line":228,"column":23},"end":{"line":232,"column":null}}]},"1":{"loc":{"start":{"line":266,"column":19},"end":{"line":269,"column":null}},"type":"switch","locations":[{"start":{"line":266,"column":19},"end":{"line":269,"column":null}}]}},"s":{"0":1,"1":1,"2":1,"3":1,"4":1,"5":1,"6":1,"7":1,"8":1,"9":1,"10":1,"11":1,"12":0,"13":1,"14":0,"15":1,"16":1,"17":1,"18":0,"19":1,"20":0,"21":1,"22":0,"23":0,"24":1,"25":0,"26":1,"27":1,"28":0,"29":1,"30":1,"31":1,"32":1,"33":1,"34":0,"35":1,"36":1,"37":0,"38":1,"39":1,"40":0,"41":1,"42":1,"43":1,"44":0,"45":0,"46":0,"47":0,"48":0,"49":1,"50":1,"51":0,"52":1,"53":1,"54":0,"55":0,"56":0,"57":0,"58":0,"59":1,"60":1,"61":1,"62":0,"63":1,"64":1,"65":0,"66":0,"67":1},"f":{"0":0,"1":0,"2":1,"3":0,"4":0,"5":0,"6":0,"7":0,"8":1,"9":0,"10":0,"11":0,"12":0,"13":0,"14":0,"15":0,"16":0,"17":1,"18":0},"b":{"0":[0],"1":[0]}}
,"/home/jorg/projects/hsl/jore4-hasura/integration-test/util/dataset.ts": {"path":"/home/jorg/projects/hsl/jore4-hasura/integration-test/util/dataset.ts","statementMap":{"0":{"start":{"line":1,"column":0},"end":{"line":1,"column":31}},"1":{"start":{"line":13,"column":2},"end":{"line":13,"column":53}},"2":{"start":{"line":16,"column":22},"end":{"line":18,"column":10}},"3":{"start":{"line":18,"column":2},"end":{"line":18,"column":72}},"4":{"start":{"line":16,"column":13},"end":{"line":16,"column":22}},"5":{"start":{"line":24,"column":54},"end":{"line":32,"column":null}},"6":{"start":{"line":26,"column":20},"end":{"line":26,"column":29}},"7":{"start":{"line":27,"column":6},"end":{"line":29,"column":null}},"8":{"start":{"line":28,"column":8},"end":{"line":28,"column":68}},"9":{"start":{"line":30,"column":6},"end":{"line":30,"column":50}},"10":{"start":{"line":34,"column":2},"end":{"line":34,"column":45}},"11":{"start":{"line":20,"column":0},"end":{"line":20,"column":16}},"12":{"start":{"line":43,"column":2},"end":{"line":45,"column":18}},"13":{"start":{"line":44,"column":34},"end":{"line":44,"column":77}},"14":{"start":{"line":37,"column":0},"end":{"line":37,"column":16}},"15":{"start":{"line":48,"column":31},"end":{"line":52,"column":6}},"16":{"start":{"line":50,"column":2},"end":{"line":50,"column":null}},"17":{"start":{"line":52,"column":2},"end":{"line":59,"column":6}},"18":{"start":{"line":48,"column":13},"end":{"line":48,"column":31}},"19":{"start":{"line":61,"column":40},"end":{"line":64,"column":8}},"20":{"start":{"line":64,"column":2},"end":{"line":74,"column":9}},"21":{"start":{"line":65,"column":18},"end":{"line":65,"column":27}},"22":{"start":{"line":66,"column":4},"end":{"line":72,"column":null}},"23":{"start":{"line":61,"column":13},"end":{"line":61,"column":40}}},"fnMap":{"0":{"name":"isGeometryObject","decl":{"start":{"line":12,"column":9},"end":{"line":12,"column":25}},"loc":{"start":{"line":12,"column":37},"end":{"line":14,"column":1}}},"1":{"name":"(anonymous_3)","decl":{"start":{"line":16,"column":22},"end":{"line":16,"column":23}},"loc":{"start":{"line":16,"column":46},"end":{"line":18,"column":10}}},"2":{"name":"asDbGeometryObject","decl":{"start":{"line":20,"column":16},"end":{"line":20,"column":34}},"loc":{"start":{"line":22,"column":26},"end":{"line":35,"column":1}}},"3":{"name":"(anonymous_5)","decl":{"start":{"line":25,"column":4},"end":{"line":25,"column":5}},"loc":{"start":{"line":25,"column":17},"end":{"line":31,"column":5}}},"4":{"name":"asDbGeometryObjectArray","decl":{"start":{"line":37,"column":16},"end":{"line":37,"column":39}},"loc":{"start":{"line":39,"column":27},"end":{"line":46,"column":1}}},"5":{"name":"(anonymous_7)","decl":{"start":{"line":44,"column":22},"end":{"line":44,"column":23}},"loc":{"start":{"line":44,"column":29},"end":{"line":44,"column":52}}},"6":{"name":"(anonymous_8)","decl":{"start":{"line":48,"column":31},"end":{"line":48,"column":null}},"loc":{"start":{"line":50,"column":26},"end":{"line":52,"column":6}}},"7":{"name":"(anonymous_9)","decl":{"start":{"line":61,"column":40},"end":{"line":61,"column":41}},"loc":{"start":{"line":63,"column":1},"end":{"line":64,"column":8}}},"8":{"name":"(anonymous_10)","decl":{"start":{"line":64,"column":26},"end":{"line":64,"column":27}},"loc":{"start":{"line":64,"column":39},"end":{"line":74,"column":3}}}},"branchMap":{"0":{"loc":{"start":{"line":13,"column":9},"end":{"line":13,"column":32}},"type":"binary-expr","locations":[{"start":{"line":13,"column":9},"end":{"line":13,"column":32}},{"start":{"line":13,"column":36},"end":{"line":13,"column":52}}]},"1":{"loc":{"start":{"line":27,"column":6},"end":{"line":29,"column":null}},"type":"if","locations":[{"start":{"line":27,"column":6},"end":{"line":29,"column":null}},{"start":{"line":27,"column":6},"end":{"line":29,"column":null}}]},"2":{"loc":{"start":{"line":44,"column":6},"end":{"line":44,"column":77}},"type":"cond-expr","locations":[{"start":{"line":44,"column":6},"end":{"line":44,"column":77}},{"start":{"line":45,"column":6},"end":{"line":45,"column":17}}]},"3":{"loc":{"start":{"line":50,"column":2},"end":{"line":50,"column":null}},"type":"if","locations":[{"start":{"line":50,"column":2},"end":{"line":50,"column":null}},{"start":{"line":50,"column":2},"end":{"line":50,"column":null}}]},"4":{"loc":{"start":{"line":71,"column":12},"end":{"line":71,"column":60}},"type":"cond-expr","locations":[{"start":{"line":71,"column":12},"end":{"line":71,"column":60}},{"start":{"line":72,"column":12},"end":{"line":72,"column":17}}]}},"s":{"0":1,"1":9,"2":1,"3":9,"4":1,"5":33,"6":9,"7":9,"8":0,"9":9,"10":33,"11":1,"12":10,"13":33,"14":1,"15":1,"16":1,"17":1,"18":1,"19":1,"20":1,"21":13,"22":13,"23":1},"f":{"0":9,"1":9,"2":33,"3":9,"4":10,"5":33,"6":1,"7":1,"8":13},"b":{"0":[9,9],"1":[0,9],"2":[10,0],"3":[0,1],"4":[2,11]}}
,"/home/jorg/projects/hsl/jore4-hasura/integration-test/util/db.ts": {"path":"/home/jorg/projects/hsl/jore4-hasura/integration-test/util/db.ts","statementMap":{"0":{"start":{"line":3,"column":0},"end":{"line":3,"column":null}},"1":{"start":{"line":7,"column":2},"end":{"line":7,"column":14}},"2":{"start":{"line":5,"column":2},"end":{"line":5,"column":52}},"3":{"start":{"line":16,"column":2},"end":{"line":16,"column":72}},"4":{"start":{"line":16,"column":32},"end":{"line":16,"column":72}},"5":{"start":{"line":18,"column":2},"end":{"line":24,"column":6}},"6":{"start":{"line":19,"column":4},"end":{"line":24,"column":6}},"7":{"start":{"line":26,"column":2},"end":{"line":39,"column":8}},"8":{"start":{"line":27,"column":4},"end":{"line":39,"column":8}},"9":{"start":{"line":30,"column":8},"end":{"line":38,"column":null}},"10":{"start":{"line":33,"column":14},"end":{"line":35,"column":null}},"11":{"start":{"line":34,"column":16},"end":{"line":34,"column":null}},"12":{"start":{"line":38,"column":25},"end":{"line":38,"column":42}},"13":{"start":{"line":8,"column":4},"end":{"line":8,"column":41}},"14":{"start":{"line":11,"column":2},"end":{"line":14,"column":null}},"15":{"start":{"line":12,"column":4},"end":{"line":12,"column":41}},"16":{"start":{"line":13,"column":4},"end":{"line":13,"column":16}},"17":{"start":{"line":40,"column":0},"end":{"line":40,"column":null}},"18":{"start":{"line":42,"column":27},"end":{"line":43,"column":6}},"19":{"start":{"line":43,"column":2},"end":{"line":43,"column":34}},"20":{"start":{"line":42,"column":13},"end":{"line":42,"column":27}},"21":{"start":{"line":45,"column":27},"end":{"line":46,"column":16}},"22":{"start":{"line":46,"column":2},"end":{"line":48,"column":75}},"23":{"start":{"line":48,"column":22},"end":{"line":48,"column":74}},"24":{"start":{"line":48,"column":56},"end":{"line":48,"column":73}},"25":{"start":{"line":45,"column":13},"end":{"line":45,"column":27}}},"fnMap":{"0":{"name":"(anonymous_0)","decl":{"start":{"line":3,"column":0},"end":{"line":3,"column":null}},"loc":{"start":{"line":3,"column":0},"end":{"line":40,"column":null}}},"1":{"name":"QueryRunner","decl":{"start":{"line":7,"column":2},"end":{"line":7,"column":14}},"loc":{"start":{"line":7,"column":34},"end":{"line":9,"column":3}}},"2":{"name":"(anonymous_2)","decl":{"start":{"line":16,"column":13},"end":{"line":16,"column":14}},"loc":{"start":{"line":16,"column":27},"end":{"line":16,"column":36}}},"3":{"name":"(anonymous_3)","decl":{"start":{"line":18,"column":19},"end":{"line":18,"column":20}},"loc":{"start":{"line":18,"column":73},"end":{"line":19,"column":8}}},"4":{"name":"(anonymous_4)","decl":{"start":{"line":26,"column":8},"end":{"line":26,"column":null}},"loc":{"start":{"line":26,"column":8},"end":{"line":27,"column":8}}},"5":{"name":"(anonymous_5)","decl":{"start":{"line":29,"column":12},"end":{"line":29,"column":13}},"loc":{"start":{"line":29,"column":19},"end":{"line":30,"column":12}}},"6":{"name":"(anonymous_6)","decl":{"start":{"line":32,"column":12},"end":{"line":32,"column":13}},"loc":{"start":{"line":32,"column":60},"end":{"line":33,"column":21}}},"7":{"name":"(anonymous_7)","decl":{"start":{"line":33,"column":27},"end":{"line":33,"column":null}},"loc":{"start":{"line":33,"column":27},"end":{"line":34,"column":22}}},"8":{"name":"(anonymous_8)","decl":{"start":{"line":38,"column":19},"end":{"line":38,"column":25}},"loc":{"start":{"line":38,"column":19},"end":{"line":38,"column":31}}},"9":{"name":"(anonymous_9)","decl":{"start":{"line":11,"column":2},"end":{"line":11,"column":7}},"loc":{"start":{"line":11,"column":37},"end":{"line":14,"column":3}}},"10":{"name":"(anonymous_10)","decl":{"start":{"line":42,"column":27},"end":{"line":42,"column":28}},"loc":{"start":{"line":42,"column":48},"end":{"line":43,"column":6}}},"11":{"name":"(anonymous_11)","decl":{"start":{"line":45,"column":27},"end":{"line":45,"column":28}},"loc":{"start":{"line":45,"column":63},"end":{"line":46,"column":16}}},"12":{"name":"(anonymous_12)","decl":{"start":{"line":48,"column":10},"end":{"line":48,"column":11}},"loc":{"start":{"line":48,"column":17},"end":{"line":48,"column":28}}},"13":{"name":"(anonymous_13)","decl":{"start":{"line":48,"column":50},"end":{"line":48,"column":56}},"loc":{"start":{"line":48,"column":50},"end":{"line":48,"column":62}}}},"branchMap":{},"s":{"0":1,"1":1,"2":1,"3":1,"4":10,"5":1,"6":10,"7":1,"8":1,"9":1,"10":22,"11":22,"12":1,"13":1,"14":1,"15":22,"16":22,"17":1,"18":1,"19":1,"20":1,"21":1,"22":0,"23":0,"24":0,"25":1},"f":{"0":1,"1":1,"2":10,"3":10,"4":1,"5":1,"6":22,"7":22,"8":1,"9":22,"10":1,"11":0,"12":0,"13":0},"b":{}}
,"/home/jorg/projects/hsl/jore4-hasura/integration-test/util/helpers.ts": {"path":"/home/jorg/projects/hsl/jore4-hasura/integration-test/util/helpers.ts","statementMap":{"0":{"start":{"line":2,"column":2},"end":{"line":2,"column":23}},"1":{"start":{"line":1,"column":0},"end":{"line":1,"column":16}}},"fnMap":{"0":{"name":"throwError","decl":{"start":{"line":1,"column":16},"end":{"line":1,"column":26}},"loc":{"start":{"line":1,"column":38},"end":{"line":3,"column":1}}}},"branchMap":{},"s":{"0":0,"1":1},"f":{"0":0},"b":{}}
,"/home/jorg/projects/hsl/jore4-hasura/integration-test/util/matchers.ts": {"path":"/home/jorg/projects/hsl/jore4-hasura/integration-test/util/matchers.ts","statementMap":{"0":{"start":{"line":1,"column":0},"end":{"line":1,"column":37}},"1":{"start":{"line":3,"column":0},"end":{"line":17,"column":3}},"2":{"start":{"line":5,"column":4},"end":{"line":15,"column":null}},"3":{"start":{"line":6,"column":6},"end":{"line":9,"column":8}},"4":{"start":{"line":8,"column":23},"end":{"line":8,"column":null}},"5":{"start":{"line":11,"column":6},"end":{"line":14,"column":8}},"6":{"start":{"line":13,"column":23},"end":{"line":13,"column":null}}},"fnMap":{"0":{"name":"(anonymous_1)","decl":{"start":{"line":4,"column":2},"end":{"line":4,"column":15}},"loc":{"start":{"line":4,"column":29},"end":{"line":16,"column":3}}},"1":{"name":"(anonymous_2)","decl":{"start":{"line":8,"column":17},"end":{"line":8,"column":23}},"loc":{"start":{"line":8,"column":17},"end":{"line":8,"column":35}}},"2":{"name":"(anonymous_3)","decl":{"start":{"line":13,"column":17},"end":{"line":13,"column":23}},"loc":{"start":{"line":13,"column":17},"end":{"line":13,"column":35}}}},"branchMap":{"0":{"loc":{"start":{"line":5,"column":4},"end":{"line":15,"column":null}},"type":"if","locations":[{"start":{"line":5,"column":4},"end":{"line":15,"column":null}},{"start":{"line":5,"column":4},"end":{"line":15,"column":null}}]}},"s":{"0":1,"1":1,"2":0,"3":0,"4":0,"5":0,"6":0},"f":{"0":0,"1":0,"2":0},"b":{"0":[0,0]}}
,"/home/jorg/projects/hsl/jore4-hasura/integration-test/util/response.ts": {"path":"/home/jorg/projects/hsl/jore4-hasura/integration-test/util/response.ts","statementMap":{"0":{"start":{"line":4,"column":2},"end":{"line":4,"column":34}},"1":{"start":{"line":4,"column":33},"end":{"line":17,"column":4}},"2":{"start":{"line":5,"column":4},"end":{"line":6,"column":79}},"3":{"start":{"line":6,"column":6},"end":{"line":6,"column":79}},"4":{"start":{"line":8,"column":4},"end":{"line":12,"column":6}},"5":{"start":{"line":14,"column":4},"end":{"line":16,"column":null}},"6":{"start":{"line":15,"column":6},"end":{"line":15,"column":67}},"7":{"start":{"line":3,"column":13},"end":{"line":3,"column":null}}},"fnMap":{"0":{"name":"(anonymous_0)","decl":{"start":{"line":4,"column":2},"end":{"line":4,"column":3}},"loc":{"start":{"line":4,"column":28},"end":{"line":4,"column":34}}},"1":{"name":"(anonymous_1)","decl":{"start":{"line":4,"column":33},"end":{"line":4,"column":34}},"loc":{"start":{"line":4,"column":52},"end":{"line":17,"column":3}}}},"branchMap":{"0":{"loc":{"start":{"line":5,"column":4},"end":{"line":6,"column":79}},"type":"if","locations":[{"start":{"line":5,"column":4},"end":{"line":6,"column":79}},{"start":{"line":5,"column":4},"end":{"line":6,"column":79}}]},"1":{"loc":{"start":{"line":5,"column":8},"end":{"line":5,"column":34}},"type":"binary-expr","locations":[{"start":{"line":5,"column":8},"end":{"line":5,"column":34}},{"start":{"line":5,"column":38},"end":{"line":5,"column":63}}]},"2":{"loc":{"start":{"line":14,"column":4},"end":{"line":16,"column":null}},"type":"if","locations":[{"start":{"line":14,"column":4},"end":{"line":16,"column":null}},{"start":{"line":14,"column":4},"end":{"line":16,"column":null}}]}},"s":{"0":1,"1":1,"2":0,"3":0,"4":0,"5":0,"6":0,"7":1},"f":{"0":1,"1":0},"b":{"0":[0,0],"1":[0,0],"2":[0,0]}}
}
