TN:
SF:config.ts
FNF:0
FNH:0
DA:1,1
DA:3,1
DA:5,1
DA:13,1
DA:15,1
LF:5
LH:5
BRDA:3,0,0,1
BRDA:3,0,1,1
BRDA:8,1,0,1
BRDA:8,1,1,1
BRDA:9,2,0,1
BRDA:9,2,1,1
BRDA:10,3,0,1
BRDA:10,3,1,1
BRDA:19,4,0,1
BRDA:19,4,1,1
BRF:10
BRH:10
end_of_record
TN:
SF:datasets/factories.ts
FN:3,(anonymous_0)
FN:8,(anonymous_1)
FN:19,(anonymous_2)
FN:27,(anonymous_3)
FNF:4
FNH:4
FNDA:61,(anonymous_0)
FNDA:6,(anonymous_1)
FNDA:6,(anonymous_2)
FNDA:8,(anonymous_3)
DA:1,1
DA:3,61
DA:8,1
DA:9,6
DA:11,3
DA:13,3
DA:15,0
DA:19,6
DA:27,8
LF:9
LH:8
BRDA:10,0,0,3
BRDA:10,0,1,3
BRDA:10,0,2,0
BRF:3
BRH:2
end_of_record
TN:
SF:datasets/setup.ts
FN:26,isTableConfig
FN:32,(anonymous_8)
FN:39,(anonymous_9)
FN:42,(anonymous_10)
FN:52,(anonymous_11)
FN:69,(anonymous_12)
FN:73,(anonymous_13)
FN:76,(anonymous_14)
FN:79,(anonymous_15)
FN:81,(anonymous_16)
FN:82,(anonymous_17)
FN:84,(anonymous_18)
FNF:12
FNH:7
FNDA:12,isTableConfig
FNDA:1,(anonymous_8)
FNDA:10,(anonymous_9)
FNDA:10,(anonymous_10)
FNDA:54,(anonymous_11)
FNDA:0,(anonymous_12)
FNDA:0,(anonymous_13)
FNDA:0,(anonymous_14)
FNDA:0,(anonymous_15)
FNDA:1,(anonymous_16)
FNDA:13,(anonymous_17)
FNDA:0,(anonymous_18)
DA:2,1
DA:3,1
DA:4,1
DA:5,1
DA:6,1
DA:7,1
DA:26,1
DA:29,12
DA:32,1
DA:34,1
DA:36,1
DA:37,1
DA:39,1
DA:40,10
DA:42,1
DA:43,20
DA:45,10
DA:47,0
DA:48,0
DA:51,10
DA:53,54
DA:59,10
DA:66,1
DA:69,1
DA:71,0
DA:73,0
DA:76,1
DA:78,0
DA:79,0
DA:81,1
DA:82,13
DA:84,1
DA:87,0
DA:89,0
LF:34
LH:26
BRDA:34,0,0,0
BRDA:34,0,1,1
BRDA:45,1,0,0
BRDA:45,1,1,10
BRDA:54,2,0,2
BRDA:54,2,1,52
BRDA:53,3,0,54
BRDA:53,3,1,2
BRDA:71,4,0,0
BRDA:71,4,1,0
BRDA:73,5,0,0
BRDA:73,5,1,0
BRDA:73,6,0,0
BRDA:73,6,1,0
BRDA:78,7,0,0
BRDA:78,7,1,0
BRDA:82,8,0,0
BRDA:82,8,1,13
BRDA:87,9,0,0
BRDA:87,9,1,0
BRF:20
BRH:7
end_of_record
TN:
SF:datasets/types.ts
FN:11,hasGeoPropSpec
FN:18,(anonymous_1)
FN:24,(anonymous_2)
FN:35,(anonymous_3)
FN:43,(anonymous_4)
FN:52,(anonymous_5)
FNF:6
FNH:6
FNDA:67,hasGeoPropSpec
FNDA:1,(anonymous_1)
FNDA:1,(anonymous_2)
FNDA:1,(anonymous_3)
FNDA:1,(anonymous_4)
FNDA:1,(anonymous_5)
DA:11,1
DA:15,67
DA:18,1
DA:19,1
DA:20,1
DA:21,1
DA:24,1
DA:25,1
DA:26,1
DA:27,1
DA:28,1
DA:29,1
DA:30,1
DA:31,1
DA:32,1
DA:35,1
DA:36,1
DA:37,1
DA:38,1
DA:39,1
DA:40,1
DA:43,1
DA:44,1
DA:45,1
DA:46,1
DA:47,1
DA:48,1
DA:49,1
DA:52,1
DA:53,1
DA:54,1
DA:55,1
DA:56,1
DA:57,1
DA:58,1
DA:59,1
DA:60,1
DA:61,1
DA:62,1
DA:63,1
DA:74,1
DA:87,1
DA:95,1
DA:107,1
DA:122,1
DA:148,1
DA:170,1
DA:188,1
DA:204,1
DA:218,1
LF:50
LH:50
BRDA:18,0,0,1
BRDA:18,0,1,1
BRDA:24,1,0,1
BRDA:24,1,1,1
BRDA:35,2,0,1
BRDA:35,2,1,1
BRDA:43,3,0,1
BRDA:43,3,1,1
BRDA:52,4,0,1
BRDA:52,4,1,1
BRF:10
BRH:10
end_of_record
TN:
SF:datasets/defaultSetup/index.ts
FNF:0
FNH:0
DA:1,1
DA:5,1
DA:10,1
DA:11,1
DA:13,1
DA:24,1
LF:6
LH:6
BRF:0
BRH:0
end_of_record
TN:
SF:datasets/defaultSetup/infrastructure-links.ts
FNF:0
FNH:0
DA:1,1
DA:8,1
DA:211,1
LF:3
LH:3
BRF:0
BRH:0
end_of_record
TN:
SF:datasets/defaultSetup/lines.ts
FNF:0
FNH:0
DA:1,1
DA:2,1
DA:4,1
LF:3
LH:3
BRF:0
BRH:0
end_of_record
TN:
SF:datasets/defaultSetup/routes.ts
FNF:0
FNH:0
DA:1,1
DA:2,1
DA:7,1
DA:8,1
DA:11,1
DA:59,1
LF:6
LH:6
BRF:0
BRH:0
end_of_record
TN:
SF:datasets/defaultSetup/scheduled-stop-points.ts
FN:141,(anonymous_0)
FNF:1
FNH:1
FNDA:7,(anonymous_0)
DA:1,1
DA:8,1
DA:9,1
DA:11,1
DA:140,1
DA:141,7
DA:145,1
LF:7
LH:7
BRF:0
BRH:0
end_of_record
TN:
SF:datasets/prioritizedRouteVerification/index.ts
FN:93,(anonymous_2)
FN:98,(anonymous_3)
FNF:2
FNH:2
FNDA:12,(anonymous_2)
FNDA:10,(anonymous_3)
DA:1,1
DA:5,1
DA:12,1
DA:13,1
DA:20,1
DA:32,1
DA:39,1
DA:92,1
DA:94,12
DA:95,2
DA:98,10
DA:99,10
DA:101,1
DA:103,1
DA:105,1
DA:107,1
DA:109,1
DA:111,1
DA:115,10
DA:116,6
DA:121,4
LF:21
LH:21
BRDA:94,0,0,2
BRDA:94,0,1,10
BRDA:100,1,0,1
BRDA:100,1,1,1
BRDA:100,1,2,1
BRDA:100,1,3,1
BRDA:100,1,4,1
BRDA:100,1,5,1
BRDA:115,2,0,6
BRDA:115,2,1,4
BRF:10
BRH:10
end_of_record
TN:
SF:datasets/prioritizedRouteVerification/infrastructure-links.ts
FN:118,(anonymous_1)
FNF:1
FNH:1
FNDA:5,(anonymous_1)
DA:1,1
DA:8,1
DA:91,1
DA:112,1
DA:117,1
DA:118,5
LF:6
LH:6
BRF:0
BRH:0
end_of_record
TN:
SF:datasets/prioritizedRouteVerification/journey-patterns.ts
FN:71,(anonymous_3)
FN:74,(anonymous_4)
FN:83,(anonymous_5)
FN:86,(anonymous_6)
FN:94,(anonymous_7)
FN:106,(anonymous_8)
FNF:6
FNH:6
FNDA:4,(anonymous_3)
FNDA:3,(anonymous_4)
FNDA:4,(anonymous_5)
FNDA:3,(anonymous_6)
FNDA:4,(anonymous_7)
FNDA:3,(anonymous_8)
DA:5,1
DA:6,1
DA:8,1
DA:13,1
DA:18,1
DA:19,1
DA:24,1
DA:68,1
DA:72,4
DA:74,3
DA:80,1
DA:84,4
DA:86,3
DA:92,1
DA:94,4
DA:100,1
DA:102,1
DA:107,3
DA:115,0
DA:119,3
LF:20
LH:19
BRDA:107,0,0,0
BRDA:107,0,1,3
BRDA:108,1,0,3
BRDA:108,1,1,3
BRDA:108,1,2,3
BRDA:108,1,3,3
BRF:6
BRH:5
end_of_record
TN:
SF:datasets/prioritizedRouteVerification/lines.ts
FNF:0
FNH:0
DA:1,1
DA:2,1
DA:4,1
LF:3
LH:3
BRF:0
BRH:0
end_of_record
TN:
SF:datasets/prioritizedRouteVerification/routes.ts
FN:48,(anonymous_3)
FN:56,(anonymous_4)
FN:62,(anonymous_5)
FN:82,(anonymous_6)
FNF:4
FNH:4
FNDA:4,(anonymous_3)
FNDA:4,(anonymous_4)
FNDA:4,(anonymous_5)
FNDA:4,(anonymous_6)
DA:1,1
DA:2,1
DA:8,1
DA:9,1
DA:11,1
DA:21,1
DA:31,1
DA:41,1
DA:42,1
DA:47,1
DA:48,4
DA:55,1
DA:56,4
DA:61,1
DA:63,4
DA:76,1
DA:78,1
DA:83,4
DA:88,0
DA:92,4
LF:20
LH:19
BRDA:64,0,0,1
BRDA:64,0,1,3
BRDA:83,1,0,0
BRDA:83,1,1,4
BRDA:84,2,0,4
BRDA:84,2,1,4
BRDA:84,2,2,4
BRF:7
BRH:6
end_of_record
TN:
SF:datasets/prioritizedRouteVerification/scheduled-stop-points.ts
FN:134,(anonymous_3)
FN:143,(anonymous_4)
FN:149,(anonymous_5)
FN:154,(anonymous_6)
FNF:4
FNH:4
FNDA:4,(anonymous_3)
FNDA:4,(anonymous_4)
FNDA:4,(anonymous_5)
FNDA:5,(anonymous_6)
DA:1,1
DA:8,1
DA:9,1
DA:11,1
DA:86,1
DA:106,1
DA:113,1
DA:132,1
DA:133,1
DA:134,4
DA:141,1
DA:143,4
DA:148,1
DA:149,4
DA:153,1
DA:154,5
LF:16
LH:16
BRF:0
BRH:0
end_of_record
TN:
SF:tests/data-integrity/route-journey-pattern-refs/prioritized-route-verification/util.ts
FN:26,(anonymous_22)
FN:46,(anonymous_23)
FN:63,(anonymous_24)
FN:94,(anonymous_25)
FN:120,(anonymous_26)
FN:132,(anonymous_27)
FN:160,(anonymous_28)
FN:166,(anonymous_29)
FN:172,(anonymous_30)
FN:188,(anonymous_31)
FN:196,(anonymous_32)
FN:210,(anonymous_33)
FN:225,(anonymous_34)
FN:226,(anonymous_35)
FN:242,(anonymous_37)
FN:262,(anonymous_38)
FN:264,(anonymous_39)
FN:284,(anonymous_41)
FN:311,(anonymous_42)
FNF:19
FNH:3
FNDA:0,(anonymous_22)
FNDA:0,(anonymous_23)
FNDA:1,(anonymous_24)
FNDA:0,(anonymous_25)
FNDA:0,(anonymous_26)
FNDA:0,(anonymous_27)
FNDA:0,(anonymous_28)
FNDA:0,(anonymous_29)
FNDA:1,(anonymous_30)
FNDA:0,(anonymous_31)
FNDA:0,(anonymous_32)
FNDA:0,(anonymous_33)
FNDA:0,(anonymous_34)
FNDA:0,(anonymous_35)
FNDA:0,(anonymous_37)
FNDA:0,(anonymous_38)
FNDA:0,(anonymous_39)
FNDA:1,(anonymous_41)
FNDA:0,(anonymous_42)
DA:2,1
DA:3,1
DA:4,1
DA:5,1
DA:6,1
DA:7,1
DA:18,1
DA:19,1
DA:20,1
DA:21,1
DA:24,1
DA:26,1
DA:46,1
DA:63,1
DA:67,1
DA:94,1
DA:97,0
DA:120,1
DA:132,1
DA:136,0
DA:148,0
DA:160,1
DA:161,0
DA:166,1
DA:167,0
DA:172,1
DA:177,1
DA:188,1
DA:189,0
DA:196,1
DA:200,0
DA:210,1
DA:213,0
DA:221,1
DA:225,1
DA:226,0
DA:228,0
DA:234,0
DA:235,0
DA:242,1
DA:246,0
DA:262,1
DA:264,0
DA:266,0
DA:271,0
DA:273,0
DA:284,1
DA:290,1
DA:306,0
DA:311,1
DA:315,0
DA:339,0
LF:52
LH:32
BRDA:228,0,0,0
BRDA:266,1,0,0
BRF:2
BRH:0
end_of_record
TN:
SF:util/dataset.ts
FN:12,isGeometryObject
FN:16,(anonymous_3)
FN:20,asDbGeometryObject
FN:25,(anonymous_5)
FN:37,asDbGeometryObjectArray
FN:44,(anonymous_7)
FN:48,(anonymous_8)
FN:61,(anonymous_9)
FN:64,(anonymous_10)
FNF:9
FNH:9
FNDA:9,isGeometryObject
FNDA:9,(anonymous_3)
FNDA:33,asDbGeometryObject
FNDA:9,(anonymous_5)
FNDA:10,asDbGeometryObjectArray
FNDA:33,(anonymous_7)
FNDA:1,(anonymous_8)
FNDA:1,(anonymous_9)
FNDA:13,(anonymous_10)
DA:1,1
DA:13,9
DA:16,1
DA:18,9
DA:20,1
DA:24,33
DA:26,9
DA:27,9
DA:28,0
DA:30,9
DA:34,33
DA:37,1
DA:43,10
DA:44,33
DA:48,1
DA:50,1
DA:52,1
DA:61,1
DA:64,1
DA:65,13
DA:66,13
LF:21
LH:20
BRDA:13,0,0,9
BRDA:13,0,1,9
BRDA:27,1,0,0
BRDA:27,1,1,9
BRDA:44,2,0,10
BRDA:44,2,1,0
BRDA:50,3,0,0
BRDA:50,3,1,1
BRDA:71,4,0,2
BRDA:71,4,1,11
BRF:10
BRH:7
end_of_record
TN:
SF:util/db.ts
FN:3,(anonymous_0)
FN:7,QueryRunner
FN:16,(anonymous_2)
FN:18,(anonymous_3)
FN:26,(anonymous_4)
FN:29,(anonymous_5)
FN:32,(anonymous_6)
FN:33,(anonymous_7)
FN:38,(anonymous_8)
FN:11,(anonymous_9)
FN:42,(anonymous_10)
FN:45,(anonymous_11)
FN:48,(anonymous_12)
FN:48,(anonymous_13)
FNF:14
FNH:11
FNDA:1,(anonymous_0)
FNDA:1,QueryRunner
FNDA:10,(anonymous_2)
FNDA:10,(anonymous_3)
FNDA:1,(anonymous_4)
FNDA:1,(anonymous_5)
FNDA:22,(anonymous_6)
FNDA:22,(anonymous_7)
FNDA:1,(anonymous_8)
FNDA:22,(anonymous_9)
FNDA:1,(anonymous_10)
FNDA:0,(anonymous_11)
FNDA:0,(anonymous_12)
FNDA:0,(anonymous_13)
DA:3,1
DA:5,1
DA:7,1
DA:8,1
DA:11,1
DA:12,22
DA:13,22
DA:16,10
DA:18,1
DA:19,10
DA:26,1
DA:27,1
DA:30,1
DA:33,22
DA:34,22
DA:38,1
DA:40,1
DA:42,1
DA:43,1
DA:45,1
DA:46,0
DA:48,0
LF:22
LH:20
BRF:0
BRH:0
end_of_record
TN:
SF:util/helpers.ts
FN:1,throwError
FNF:1
FNH:0
FNDA:0,throwError
DA:1,1
DA:2,0
LF:2
LH:1
BRF:0
BRH:0
end_of_record
TN:
SF:util/matchers.ts
FN:4,(anonymous_1)
FN:8,(anonymous_2)
FN:13,(anonymous_3)
FNF:3
FNH:0
FNDA:0,(anonymous_1)
FNDA:0,(anonymous_2)
FNDA:0,(anonymous_3)
DA:1,1
DA:3,1
DA:5,0
DA:6,0
DA:8,0
DA:11,0
DA:13,0
LF:7
LH:2
BRDA:5,0,0,0
BRDA:5,0,1,0
BRF:2
BRH:0
end_of_record
TN:
SF:util/response.ts
FN:4,(anonymous_0)
FN:4,(anonymous_1)
FNF:2
FNH:1
FNDA:1,(anonymous_0)
FNDA:0,(anonymous_1)
DA:3,1
DA:4,1
DA:5,0
DA:6,0
DA:8,0
DA:14,0
DA:15,0
LF:7
LH:2
BRDA:5,0,0,0
BRDA:5,0,1,0
BRDA:5,1,0,0
BRDA:5,1,1,0
BRDA:14,2,0,0
BRDA:14,2,1,0
BRF:6
BRH:0
end_of_record
